<?xml version="1.0" encoding="UTF-8"?>
<testng-results skipped="0" failed="0" ignored="0" total="2" passed="2">
  <reporter-output>
    <line>
      <![CDATA[Settings up reports and test is getting ready]]>
    </line>
    <line>
      <![CDATA[Settings Done test can be started]]>
    </line>
    <line>
      <![CDATA[Trying to start browser and getting application ready ]]>
    </line>
    <line>
      <![CDATA[Browser and application is up ]]>
    </line>
  </reporter-output>
  <suite name="Suite" duration-ms="19708" started-at="2020-05-07T18:17:59Z" finished-at="2020-05-07T18:18:18Z">
    <groups>
    </groups>
    <test name="Test" duration-ms="19708" started-at="2020-05-07T18:17:59Z" finished-at="2020-05-07T18:18:18Z">
      <class name="testcases.LoginTestERP">
        <test-method status="PASS" signature="setUpSuite()[pri:0, instance:testcases.LoginTestERP@17c386de]" name="setUpSuite" is-config="true" duration-ms="793" started-at="2020-05-07T23:47:58Z" finished-at="2020-05-07T23:47:59Z">
          <reporter-output>
            <line>
              <![CDATA[Settings up reports and test is getting ready]]>
            </line>
            <line>
              <![CDATA[Settings Done test can be started]]>
            </line>
          </reporter-output>
        </test-method> <!-- setUpSuite -->
        <test-method status="PASS" signature="setUp()[pri:0, instance:testcases.LoginTestERP@17c386de]" name="setUp" is-config="true" duration-ms="9567" started-at="2020-05-07T23:47:59Z" finished-at="2020-05-07T23:48:08Z">
          <reporter-output>
            <line>
              <![CDATA[Trying to start browser and getting application ready ]]>
            </line>
            <line>
              <![CDATA[Browser and application is up ]]>
            </line>
          </reporter-output>
        </test-method> <!-- setUp -->
        <test-method status="PASS" signature="loginapp()[pri:1, instance:testcases.LoginTestERP@17c386de]" name="loginapp" duration-ms="7261" started-at="2020-05-07T23:48:08Z" finished-at="2020-05-07T23:48:16Z">
          <reporter-output>
          </reporter-output>
        </test-method> <!-- loginapp -->
        <test-method status="PASS" signature="tearDownMethod(org.testng.ITestResult)[pri:0, instance:testcases.LoginTestERP@17c386de]" name="tearDownMethod" is-config="true" duration-ms="1145" started-at="2020-05-07T23:48:16Z" finished-at="2020-05-07T23:48:17Z">
          <params>
            <param index="0">
              <value>
                <![CDATA[[TestResult name=loginapp status=SUCCESS method=LoginTestERP.loginapp()[pri:1, instance:testcases.LoginTestERP@17c386de] output={null}]]]>
              </value>
            </param>
          </params>
          <reporter-output>
          </reporter-output>
        </test-method> <!-- tearDownMethod -->
        <test-method status="PASS" signature="loginapp1()[pri:2, instance:testcases.LoginTestERP@17c386de]" name="loginapp1" duration-ms="2" started-at="2020-05-07T23:48:17Z" finished-at="2020-05-07T23:48:17Z">
          <reporter-output>
          </reporter-output>
        </test-method> <!-- loginapp1 -->
        <test-method status="PASS" signature="tearDownMethod(org.testng.ITestResult)[pri:0, instance:testcases.LoginTestERP@17c386de]" name="tearDownMethod" is-config="true" duration-ms="539" started-at="2020-05-07T23:48:17Z" finished-at="2020-05-07T23:48:17Z">
          <params>
            <param index="0">
              <value>
                <![CDATA[[TestResult name=loginapp1 status=SUCCESS method=LoginTestERP.loginapp1()[pri:2, instance:testcases.LoginTestERP@17c386de] output={null}]]]>
              </value>
            </param>
          </params>
          <reporter-output>
          </reporter-output>
        </test-method> <!-- tearDownMethod -->
        <test-method status="PASS" signature="tearDown()[pri:0, instance:testcases.LoginTestERP@17c386de]" name="tearDown" is-config="true" duration-ms="1172" started-at="2020-05-07T23:48:17Z" finished-at="2020-05-07T23:48:18Z">
          <reporter-output>
          </reporter-output>
        </test-method> <!-- tearDown -->
      </class> <!-- testcases.LoginTestERP -->
    </test> <!-- Test -->
  </suite> <!-- Suite -->
</testng-results>
